<?xml version="1.0" encoding="UTF-8"?>
<!-- Generated by org.testng.reporters.JUnitReportReporter -->
<testsuite hostname="DESKTOP-MA1US8Q" failures="0" tests="2" name="PrmodKadamacademy.StandAloneTestcopy" time="56.237" errors="0" timestamp="2025-08-27T17:15:59 IST" skipped="0">
  <testcase classname="PrmodKadamacademy.StandAloneTestcopy" name="finaltest" time="38.820"/>
  <testcase classname="PrmodKadamacademy.StandAloneTestcopy" name="finaltest" time="17.417"/>
</testsuite> <!-- PrmodKadamacademy.StandAloneTestcopy -->
