<?xml version="1.0" encoding="UTF-8"?>
<!-- Generated by org.testng.reporters.JUnitReportReporter -->
<testsuite hostname="DESKTOP-MA1US8Q" failures="0" tests="2" name="PrmodKadamacademy.StandAloneTestcopy" time="168.186" errors="0" timestamp="2025-09-01T20:59:59 IST" skipped="0">
  <testcase classname="PrmodKadamacademy.StandAloneTestcopy" name="finaltest" time="51.610"/>
  <testcase classname="PrmodKadamacademy.StandAloneTestcopy" name="finaltest" time="116.576"/>
</testsuite> <!-- PrmodKadamacademy.StandAloneTestcopy -->
