<?xml version="1.0" encoding="UTF-8"?>
<testng-results ignored="0" total="2" passed="2" failed="0" skipped="0">
  <reporter-output>
  </reporter-output>
  <suite started-at="2025-08-27T17:15:02 IST" name="Suite" finished-at="2025-08-27T17:15:59 IST" duration-ms="56719">
    <groups>
      <group name="purchase">
        <method signature="StandAloneTestcopy.finaltest(java.lang.String,java.lang.String,java.lang.String)[pri:0, instance:PrmodKadamacademy.StandAloneTestcopy@7ee8290b]" name="finaltest" class="PrmodKadamacademy.StandAloneTestcopy"/>
      </group> <!-- purchase -->
    </groups>
    <test started-at="2025-08-27T17:15:02 IST" name="Error validation tests" finished-at="2025-08-27T17:15:02 IST" duration-ms="26">
    </test> <!-- Error validation tests -->
    <test started-at="2025-08-27T17:15:02 IST" name="Happy flow" finished-at="2025-08-27T17:15:59 IST" duration-ms="56327">
      <class name="PrmodKadamacademy.StandAloneTestcopy">
        <test-method is-config="true" signature="launchApp()[pri:0, instance:PrmodKadamacademy.StandAloneTestcopy@7ee8290b]" started-at="2025-08-27T17:15:02 IST" name="launchApp" finished-at="2025-08-27T17:15:35 IST" duration-ms="32936" status="PASS">
          <reporter-output>
          </reporter-output>
        </test-method> <!-- launchApp -->
        <test-method signature="finaltest(java.lang.String,java.lang.String,java.lang.String)[pri:0, instance:PrmodKadamacademy.StandAloneTestcopy@7ee8290b]" started-at="2025-08-27T17:15:35 IST" name="finaltest" data-provider="getData" finished-at="2025-08-27T17:15:44 IST" duration-ms="8295" status="PASS">
          <params>
            <param index="0">
              <value>
                <![CDATA[pramodkdm@gmail.com]]>
              </value>
            </param>
            <param index="1">
              <value>
                <![CDATA[Pkdm@4528]]>
              </value>
            </param>
            <param index="2">
              <value>
                <![CDATA[ZARA COAT 3]]>
              </value>
            </param>
          </params>
          <reporter-output>
          </reporter-output>
        </test-method> <!-- finaltest -->
        <test-method is-config="true" signature="teardowm()[pri:0, instance:PrmodKadamacademy.StandAloneTestcopy@7ee8290b]" started-at="2025-08-27T17:15:44 IST" name="teardowm" finished-at="2025-08-27T17:15:44 IST" duration-ms="843" status="PASS">
          <reporter-output>
          </reporter-output>
        </test-method> <!-- teardowm -->
        <test-method is-config="true" signature="launchApp()[pri:0, instance:PrmodKadamacademy.StandAloneTestcopy@7ee8290b]" started-at="2025-08-27T17:15:44 IST" name="launchApp" finished-at="2025-08-27T17:15:53 IST" duration-ms="8279" status="PASS">
          <reporter-output>
          </reporter-output>
        </test-method> <!-- launchApp -->
        <test-method signature="finaltest(java.lang.String,java.lang.String,java.lang.String)[pri:0, instance:PrmodKadamacademy.StandAloneTestcopy@7ee8290b]" started-at="2025-08-27T17:15:53 IST" name="finaltest" data-provider="getData" finished-at="2025-08-27T17:15:58 IST" duration-ms="5633" status="PASS">
          <params>
            <param index="0">
              <value>
                <![CDATA[pramodabc@gmail.com]]>
              </value>
            </param>
            <param index="1">
              <value>
                <![CDATA[Pkdm@4528]]>
              </value>
            </param>
            <param index="2">
              <value>
                <![CDATA[ADIDAS ORIGINAL]]>
              </value>
            </param>
          </params>
          <reporter-output>
          </reporter-output>
        </test-method> <!-- finaltest -->
        <test-method is-config="true" signature="teardowm()[pri:0, instance:PrmodKadamacademy.StandAloneTestcopy@7ee8290b]" started-at="2025-08-27T17:15:58 IST" name="teardowm" finished-at="2025-08-27T17:15:59 IST" duration-ms="251" status="PASS">
          <reporter-output>
          </reporter-output>
        </test-method> <!-- teardowm -->
      </class> <!-- PrmodKadamacademy.StandAloneTestcopy -->
    </test> <!-- Happy flow -->
  </suite> <!-- Suite -->
</testng-results>
