<?xml version="1.0" encoding="UTF-8"?>
<testng-results ignored="0" total="2" passed="2" failed="0" skipped="0">
  <reporter-output>
  </reporter-output>
  <suite started-at="2025-09-01T20:57:08 IST" name="Suite" finished-at="2025-09-01T20:59:58 IST" duration-ms="170067">
    <groups>
      <group name="purchase">
        <method signature="StandAloneTestcopy.finaltest(java.util.HashMap)[pri:0, instance:PrmodKadamacademy.StandAloneTestcopy@c0c2f8d]" name="finaltest" class="PrmodKadamacademy.StandAloneTestcopy"/>
      </group> <!-- purchase -->
    </groups>
    <test started-at="2025-09-01T20:57:08 IST" name="Error validation tests" finished-at="2025-09-01T20:57:08 IST" duration-ms="20">
    </test> <!-- Error validation tests -->
    <test started-at="2025-09-01T20:57:08 IST" name="Happy flow" finished-at="2025-09-01T20:59:58 IST" duration-ms="169531">
      <class name="PrmodKadamacademy.StandAloneTestcopy">
        <test-method is-config="true" signature="launchApp()[pri:0, instance:PrmodKadamacademy.StandAloneTestcopy@c0c2f8d]" started-at="2025-09-01T20:57:09 IST" name="launchApp" finished-at="2025-09-01T20:58:44 IST" duration-ms="94258" status="PASS">
          <reporter-output>
          </reporter-output>
        </test-method> <!-- launchApp -->
        <test-method signature="finaltest(java.util.HashMap)[pri:0, instance:PrmodKadamacademy.StandAloneTestcopy@c0c2f8d]" started-at="2025-09-01T20:58:44 IST" name="finaltest" data-provider="getData" finished-at="2025-09-01T20:58:58 IST" duration-ms="14661" status="PASS">
          <params>
            <param index="0">
              <value>
                <![CDATA[{password=Pkdm@4528, product name=ZARA COAT 3, email=pramodkdm@gmail.com}]]>
              </value>
            </param>
          </params>
          <reporter-output>
          </reporter-output>
        </test-method> <!-- finaltest -->
        <test-method is-config="true" signature="teardowm()[pri:0, instance:PrmodKadamacademy.StandAloneTestcopy@c0c2f8d]" started-at="2025-09-01T20:58:58 IST" name="teardowm" finished-at="2025-09-01T20:59:01 IST" duration-ms="2774" status="PASS">
          <reporter-output>
          </reporter-output>
        </test-method> <!-- teardowm -->
        <test-method is-config="true" signature="launchApp()[pri:0, instance:PrmodKadamacademy.StandAloneTestcopy@c0c2f8d]" started-at="2025-09-01T20:59:01 IST" name="launchApp" finished-at="2025-09-01T20:59:39 IST" duration-ms="38378" status="PASS">
          <reporter-output>
          </reporter-output>
        </test-method> <!-- launchApp -->
        <test-method signature="finaltest(java.util.HashMap)[pri:0, instance:PrmodKadamacademy.StandAloneTestcopy@c0c2f8d]" started-at="2025-09-01T20:59:39 IST" name="finaltest" data-provider="getData" finished-at="2025-09-01T20:59:50 IST" duration-ms="10458" status="PASS">
          <params>
            <param index="0">
              <value>
                <![CDATA[{password=Pkdm@4528, product name=ADIDAS ORIGINAL, email=pramodabc@gmail.com}]]>
              </value>
            </param>
          </params>
          <reporter-output>
          </reporter-output>
        </test-method> <!-- finaltest -->
        <test-method is-config="true" signature="teardowm()[pri:0, instance:PrmodKadamacademy.StandAloneTestcopy@c0c2f8d]" started-at="2025-09-01T20:59:50 IST" name="teardowm" finished-at="2025-09-01T20:59:58 IST" duration-ms="7657" status="PASS">
          <reporter-output>
          </reporter-output>
        </test-method> <!-- teardowm -->
      </class> <!-- PrmodKadamacademy.StandAloneTestcopy -->
    </test> <!-- Happy flow -->
  </suite> <!-- Suite -->
</testng-results>
