<?xml version="1.0" encoding="UTF-8"?>
<!-- Generated by org.testng.reporters.JUnitXMLReporter -->
<testsuite ignored="1" hostname="DESKTOP-MA1US8Q" failures="0" tests="2" name="Happy flow" time="169.531" errors="0" timestamp="2025-09-01T20:59:58 IST">
  <testcase classname="PrmodKadamacademy.StandAloneTestcopy" name="finaltest" time="14.661"/>
  <testcase classname="PrmodKadamacademy.StandAloneTestcopy" name="finaltest" time="10.458"/>
  <testcase classname="PrmodKadamacademy.StandAloneTestcopy" name="OrderHistoryTest" time="0.0">
    <ignored/>
  </testcase> <!-- OrderHistoryTest -->
</testsuite> <!-- Happy flow -->
