<?xml version="1.0" encoding="UTF-8"?>
<!-- Generated by org.testng.reporters.JUnitXMLReporter -->
<testsuite ignored="1" hostname="DESKTOP-MA1US8Q" failures="0" tests="2" name="Happy flow" time="56.327" errors="0" timestamp="2025-08-27T17:15:59 IST">
  <testcase classname="PrmodKadamacademy.StandAloneTestcopy" name="finaltest" time="8.295"/>
  <testcase classname="PrmodKadamacademy.StandAloneTestcopy" name="finaltest" time="5.633"/>
  <testcase classname="PrmodKadamacademy.StandAloneTestcopy" name="OrderHistoryTest" time="0.0">
    <ignored/>
  </testcase> <!-- OrderHistoryTest -->
</testsuite> <!-- Happy flow -->
